C:\USERS\ERIC\DROPBOX\ALGONQUIN\2013F\COMPILERS\ASSIGNMENT 4\ASS4\ASS4\DEBUG\ASS4.EXE.EMBED.MANIFEST
C:\USERS\ERIC\DROPBOX\ALGONQUIN\2013F\COMPILERS\ASSIGNMENT 4\ASS4\ASS4\DEBUG\ASS4.EXE.EMBED.MANIFEST.RES
C:\USERS\ERIC\DROPBOX\ALGONQUIN\2013F\COMPILERS\ASSIGNMENT 4\ASS4\ASS4\DEBUG\ASS4.EXE.INTERMEDIATE.MANIFEST
C:\Users\Eric\Dropbox\Algonquin\2013F\Compilers\Assignment 4\ass4\ass4\Debug\ass4.write.1.tlog
C:\Users\Eric\Dropbox\Algonquin\2013F\Compilers\Assignment 4\ass4\ass4\Debug\ass4_manifest.rc
C:\USERS\ERIC\DROPBOX\ALGONQUIN\2013F\COMPILERS\ASSIGNMENT 4\ASS4\ASS4\DEBUG\BUFFER.OBJ
C:\Users\Eric\Dropbox\Algonquin\2013F\Compilers\Assignment 4\ass4\ass4\Debug\cl.command.1.tlog
C:\Users\Eric\Dropbox\Algonquin\2013F\Compilers\Assignment 4\ass4\ass4\Debug\CL.read.1.tlog
C:\Users\Eric\Dropbox\Algonquin\2013F\Compilers\Assignment 4\ass4\ass4\Debug\CL.write.1.tlog
C:\Users\Eric\Dropbox\Algonquin\2013F\Compilers\Assignment 4\ass4\ass4\Debug\link.10972.read.1.tlog
C:\Users\Eric\Dropbox\Algonquin\2013F\Compilers\Assignment 4\ass4\ass4\Debug\link.10972.write.1.tlog
C:\Users\Eric\Dropbox\Algonquin\2013F\Compilers\Assignment 4\ass4\ass4\Debug\link.10972-cvtres.read.1.tlog
C:\Users\Eric\Dropbox\Algonquin\2013F\Compilers\Assignment 4\ass4\ass4\Debug\link.10972-cvtres.write.1.tlog
C:\Users\Eric\Dropbox\Algonquin\2013F\Compilers\Assignment 4\ass4\ass4\Debug\link.command.1.tlog
C:\Users\Eric\Dropbox\Algonquin\2013F\Compilers\Assignment 4\ass4\ass4\Debug\link.read.1.tlog
C:\Users\Eric\Dropbox\Algonquin\2013F\Compilers\Assignment 4\ass4\ass4\Debug\link.write.1.tlog
C:\Users\Eric\Dropbox\Algonquin\2013F\Compilers\Assignment 4\ass4\ass4\Debug\link-cvtres.read.1.tlog
C:\Users\Eric\Dropbox\Algonquin\2013F\Compilers\Assignment 4\ass4\ass4\Debug\link-cvtres.write.1.tlog
C:\Users\Eric\Dropbox\Algonquin\2013F\Compilers\Assignment 4\ass4\ass4\Debug\mt.command.1.tlog
C:\Users\Eric\Dropbox\Algonquin\2013F\Compilers\Assignment 4\ass4\ass4\Debug\mt.read.1.tlog
C:\Users\Eric\Dropbox\Algonquin\2013F\Compilers\Assignment 4\ass4\ass4\Debug\mt.write.1.tlog
C:\USERS\ERIC\DROPBOX\ALGONQUIN\2013F\COMPILERS\ASSIGNMENT 4\ASS4\ASS4\DEBUG\PARSER.OBJ
C:\USERS\ERIC\DROPBOX\ALGONQUIN\2013F\COMPILERS\ASSIGNMENT 4\ASS4\ASS4\DEBUG\PLATY.OBJ
C:\Users\Eric\Dropbox\Algonquin\2013F\Compilers\Assignment 4\ass4\ass4\Debug\rc.command.1.tlog
C:\Users\Eric\Dropbox\Algonquin\2013F\Compilers\Assignment 4\ass4\ass4\Debug\rc.read.1.tlog
C:\Users\Eric\Dropbox\Algonquin\2013F\Compilers\Assignment 4\ass4\ass4\Debug\rc.write.1.tlog
C:\USERS\ERIC\DROPBOX\ALGONQUIN\2013F\COMPILERS\ASSIGNMENT 4\ASS4\ASS4\DEBUG\SCANNER.OBJ
C:\USERS\ERIC\DROPBOX\ALGONQUIN\2013F\COMPILERS\ASSIGNMENT 4\ASS4\ASS4\DEBUG\STABLE.OBJ
C:\Users\Eric\Dropbox\Algonquin\2013F\Compilers\Assignment 4\ass4\ass4\Debug\vc100.idb
C:\USERS\ERIC\DROPBOX\ALGONQUIN\2013F\COMPILERS\ASSIGNMENT 4\ASS4\ASS4\DEBUG\VC100.PDB
C:\USERS\ERIC\DROPBOX\ALGONQUIN\2013F\COMPILERS\ASSIGNMENT 4\ASS4\DEBUG\ASS4.EXE
C:\USERS\ERIC\DROPBOX\ALGONQUIN\2013F\COMPILERS\ASSIGNMENT 4\ASS4\DEBUG\ASS4.ILK
C:\USERS\ERIC\DROPBOX\ALGONQUIN\2013F\COMPILERS\ASSIGNMENT 4\ASS4\DEBUG\ASS4.PDB
