Build started 12/13/2013 12:14:38 PM.
     1>Project "C:\Users\Eric\Dropbox\Algonquin\2013F\Compilers\Assignment 4\ass4\ass4\ass4.vcxproj" on node 2 (build target(s)).
     1>InitializeBuildStatus:
         Creating "Debug\ass4.unsuccessfulbuild" because "AlwaysCreate" was specified.
       ClCompile:
         c:\Program Files (x86)\Microsoft Visual Studio 10.0\VC\bin\CL.exe /c /ZI /nologo /W4 /WX- /Od /Oy- /D WIN32 /D _DEBUG /D _CONSOLE /D _UNICODE /D UNICODE /Gm /EHsc /RTC1 /MDd /GS /fp:precise /Za /Zc:wchar_t /Zc:forScope /Fo"Debug\\" /Fd"Debug\vc100.pdb" /Gd /TC /analyze- /errorReport:prompt scanner.c
         scanner.c
     1>c:\program files (x86)\microsoft visual studio 10.0\vc\include\sal.h(109): warning C4001: nonstandard extension 'single line comment' was used
     1>c:\users\eric\dropbox\algonquin\2013f\compilers\assignment 4\ass4\ass4\scanner.c(105): warning C4127: conditional expression is constant
     1>c:\users\eric\dropbox\algonquin\2013f\compilers\assignment 4\ass4\ass4\scanner.c(335): warning C4996: 'strcpy': This function or variable may be unsafe. Consider using strcpy_s instead. To disable deprecation, use _CRT_SECURE_NO_WARNINGS. See online help for details.
                 c:\program files (x86)\microsoft visual studio 10.0\vc\include\string.h(105) : see declaration of 'strcpy'
     1>c:\users\eric\dropbox\algonquin\2013f\compilers\assignment 4\ass4\ass4\scanner.c(91): warning C4189: 'count' : local variable is initialized but not referenced
     1>c:\users\eric\dropbox\algonquin\2013f\compilers\assignment 4\ass4\ass4\scanner.c(90): warning C4101: 'size' : unreferenced local variable
     1>c:\users\eric\dropbox\algonquin\2013f\compilers\assignment 4\ass4\ass4\scanner.c(92): warning C4189: 'charCount' : local variable is initialized but not referenced
     1>c:\users\eric\dropbox\algonquin\2013f\compilers\assignment 4\ass4\ass4\scanner.c(605): warning C4996: 'strcpy': This function or variable may be unsafe. Consider using strcpy_s instead. To disable deprecation, use _CRT_SECURE_NO_WARNINGS. See online help for details.
                 c:\program files (x86)\microsoft visual studio 10.0\vc\include\string.h(105) : see declaration of 'strcpy'
       ManifestResourceCompile:
         All outputs are up-to-date.
       Link:
         c:\Program Files (x86)\Microsoft Visual Studio 10.0\VC\bin\link.exe /ERRORREPORT:PROMPT /OUT:"C:\Users\Eric\Dropbox\Algonquin\2013F\Compilers\Assignment 4\ass4\Debug\ass4.exe" /INCREMENTAL /NOLOGO kernel32.lib user32.lib gdi32.lib winspool.lib comdlg32.lib advapi32.lib shell32.lib ole32.lib oleaut32.lib uuid.lib odbc32.lib odbccp32.lib /MANIFEST /ManifestFile:"Debug\ass4.exe.intermediate.manifest" /MANIFESTUAC:"level='asInvoker' uiAccess='false'" /DEBUG /PDB:"C:\Users\Eric\Dropbox\Algonquin\2013F\Compilers\Assignment 4\ass4\Debug\ass4.pdb" /SUBSYSTEM:CONSOLE /TLBID:1 /DYNAMICBASE /NXCOMPAT /IMPLIB:"C:\Users\Eric\Dropbox\Algonquin\2013F\Compilers\Assignment 4\ass4\Debug\ass4.lib" /MACHINE:X86 Debug\ass4.exe.embed.manifest.res
         Debug\buffer.obj
         Debug\parser.obj
         Debug\platy.obj
         Debug\scanner.obj
         Debug\stable.obj
       Manifest:
         C:\Program Files (x86)\Microsoft SDKs\Windows\v7.0A\bin\mt.exe /nologo /verbose /out:"Debug\ass4.exe.embed.manifest" /manifest Debug\ass4.exe.intermediate.manifest
         All outputs are up-to-date.
       LinkEmbedManifest:
         All outputs are up-to-date.
         ass4.vcxproj -> C:\Users\Eric\Dropbox\Algonquin\2013F\Compilers\Assignment 4\ass4\Debug\ass4.exe
       FinalizeBuildStatus:
         Deleting file "Debug\ass4.unsuccessfulbuild".
         Touching "Debug\ass4.lastbuildstate".
     1>Done Building Project "C:\Users\Eric\Dropbox\Algonquin\2013F\Compilers\Assignment 4\ass4\ass4\ass4.vcxproj" (build target(s)).

Build succeeded.

Time Elapsed 00:00:00.52
